build/app/intermediates/manifest_merge_blame_file/release/manifest-merger-blame-release-report.txt
1<?xml version="1.0" encoding="utf-8"?>
2<manifest xmlns:android="http://schemas.android.com/apk/res/android"
3    package="com.youdevelop.feelps"
4    android:versionCode="6"
5    android:versionName="1.0.0" >
6
7    <uses-sdk
8        android:minSdkVersion="21"
8-->src\main\AndroidManifest.xml
9        android:targetSdkVersion="30" />
9-->src\main\AndroidManifest.xml
10
11    <uses-permission android:name="android.permission.INTERNET" />
11-->src\main\AndroidManifest.xml:3:5-66
11-->src\main\AndroidManifest.xml:3:22-64
12    <uses-permission android:name="android.permission.READ_EXTERNAL_STORAGE" />
12-->src\main\AndroidManifest.xml:5:5-79
12-->src\main\AndroidManifest.xml:5:22-77
13    <uses-permission android:name="android.permission.WRITE_EXTERNAL_STORAGE" />
13-->src\main\AndroidManifest.xml:7:5-80
13-->src\main\AndroidManifest.xml:7:22-78
14    <uses-permission android:name="android.permission.WAKE_LOCK" />
14-->[:firebase_messaging] AndroidManifest.xml:8:5-68
14-->[:firebase_messaging] AndroidManifest.xml:8:22-65
15    <uses-permission android:name="android.permission.ACCESS_NETWORK_STATE" />
15-->[:firebase_messaging] AndroidManifest.xml:9:5-79
15-->[:firebase_messaging] AndroidManifest.xml:9:22-76
16    <uses-permission android:name="android.permission.CAMERA" />
16-->[:camera] AndroidManifest.xml:7:5-65
16-->[:camera] AndroidManifest.xml:7:22-62
17    <uses-permission android:name="android.permission.RECORD_AUDIO" />
17-->[:camera] AndroidManifest.xml:8:5-71
17-->[:camera] AndroidManifest.xml:8:22-68
18    <uses-permission android:name="android.permission.ACCESS_COARSE_LOCATION" />
18-->[:location] AndroidManifest.xml:7:5-81
18-->[:location] AndroidManifest.xml:7:22-78
19    <uses-permission android:name="android.permission.ACCESS_FINE_LOCATION" /> <!-- Required by older versions of Google Play services to create IID tokens -->
19-->[:location] AndroidManifest.xml:8:5-79
19-->[:location] AndroidManifest.xml:8:22-76
20    <uses-permission android:name="com.google.android.c2dm.permission.RECEIVE" />
20-->[com.google.firebase:firebase-messaging:22.0.0] AndroidManifest.xml:25:5-82
20-->[com.google.firebase:firebase-messaging:22.0.0] AndroidManifest.xml:25:22-79
21    <uses-permission android:name="com.google.android.finsky.permission.BIND_GET_INSTALL_REFERRER_SERVICE" />
21-->[com.google.android.gms:play-services-measurement:19.0.0] AndroidManifest.xml:26:5-110
21-->[com.google.android.gms:play-services-measurement:19.0.0] AndroidManifest.xml:26:22-107
22
23    <uses-feature
23-->[com.google.android.gms:play-services-maps:17.0.0] AndroidManifest.xml:26:5-28:35
24        android:glEsVersion="0x00020000"
24-->[com.google.android.gms:play-services-maps:17.0.0] AndroidManifest.xml:27:9-41
25        android:required="true" />
25-->[com.google.android.gms:play-services-maps:17.0.0] AndroidManifest.xml:28:9-32
26
27    <application
27-->src\main\AndroidManifest.xml:8:4-54:19
28        android:appComponentFactory="androidx.core.app.CoreComponentFactory"
28-->[androidx.core:core:1.3.2] AndroidManifest.xml:24:18-86
29        android:icon="@mipmap/ic_launcher"
29-->src\main\AndroidManifest.xml:10:9-43
30        android:label="Feelps"
30-->src\main\AndroidManifest.xml:9:9-31
31        android:requestLegacyExternalStorage="true" >
31-->src\main\AndroidManifest.xml:11:9-52
32        <activity
32-->src\main\AndroidManifest.xml:12:9-45:20
33            android:name="com.youdevelop.feelps.MainActivity"
33-->src\main\AndroidManifest.xml:13:13-41
34            android:configChanges="orientation|keyboardHidden|keyboard|screenSize|smallestScreenSize|locale|layoutDirection|fontScale|screenLayout|density|uiMode"
34-->src\main\AndroidManifest.xml:16:13-163
35            android:hardwareAccelerated="true"
35-->src\main\AndroidManifest.xml:17:13-47
36            android:launchMode="singleTop"
36-->src\main\AndroidManifest.xml:14:13-43
37            android:theme="@style/LaunchTheme"
37-->src\main\AndroidManifest.xml:15:13-47
38            android:windowSoftInputMode="adjustResize" >
38-->src\main\AndroidManifest.xml:18:13-55
39
40            <!--
41                 Specifies an Android theme to apply to this Activity as soon as
42                 the Android process has started. This theme is visible to the user
43                 while the Flutter UI initializes. After that, this theme continues
44                 to determine the Window background behind the Flutter UI.
45            -->
46            <meta-data
46-->src\main\AndroidManifest.xml:23:13-26:17
47                android:name="io.flutter.embedding.android.NormalTheme"
47-->src\main\AndroidManifest.xml:24:15-70
48                android:resource="@style/NormalTheme" />
48-->src\main\AndroidManifest.xml:25:15-52
49            <!--
50                 Displays an Android View that continues showing the launch screen
51                 Drawable until Flutter paints its first frame, then this splash
52                 screen fades out. A splash screen is useful to avoid any visual
53                 gap between the end of Android's launch screen and the painting of
54                 Flutter's first frame.
55            -->
56            <meta-data
56-->src\main\AndroidManifest.xml:32:13-35:17
57                android:name="io.flutter.embedding.android.SplashScreenDrawable"
57-->src\main\AndroidManifest.xml:33:15-79
58                android:resource="@drawable/launch_background" />
58-->src\main\AndroidManifest.xml:34:15-61
59
60            <intent-filter>
60-->src\main\AndroidManifest.xml:37:13-40:29
61                <action android:name="FLUTTER_NOTIFICATION_CLICK" />
61-->src\main\AndroidManifest.xml:38:15-66
61-->src\main\AndroidManifest.xml:38:23-64
62
63                <category android:name="android.intent.category.DEFAULT" />
63-->src\main\AndroidManifest.xml:39:15-73
63-->src\main\AndroidManifest.xml:39:25-71
64            </intent-filter>
65            <intent-filter>
65-->src\main\AndroidManifest.xml:41:13-44:29
66                <action android:name="android.intent.action.MAIN" />
66-->src\main\AndroidManifest.xml:42:17-68
66-->src\main\AndroidManifest.xml:42:25-66
67
68                <category android:name="android.intent.category.LAUNCHER" />
68-->src\main\AndroidManifest.xml:43:17-76
68-->src\main\AndroidManifest.xml:43:27-74
69            </intent-filter>
70        </activity>
71        <!--
72             Don't delete the meta-data below.
73             This is used by the Flutter tool to generate GeneratedPluginRegistrant.java
74        -->
75        <meta-data
75-->src\main\AndroidManifest.xml:48:9-50:33
76            android:name="flutterEmbedding"
76-->src\main\AndroidManifest.xml:49:13-44
77            android:value="2" />
77-->src\main\AndroidManifest.xml:50:13-30
78        <meta-data
78-->src\main\AndroidManifest.xml:52:9-53:73
79            android:name="com.google.android.geo.API_KEY"
79-->src\main\AndroidManifest.xml:52:20-65
80            android:value="AIzaSyCEwNIYKlBVix67Im1MVTMWLGMg7vfK8d4" />
80-->src\main\AndroidManifest.xml:53:16-71
81
82        <service
82-->[:firebase_storage] AndroidManifest.xml:8:9-12:19
83            android:name="com.google.firebase.components.ComponentDiscoveryService"
83-->[:firebase_storage] AndroidManifest.xml:8:18-89
84            android:directBootAware="true"
84-->[com.google.firebase:firebase-common:20.0.0] AndroidManifest.xml:35:13-43
85            android:exported="false" >
85-->[com.google.firebase:firebase-messaging:22.0.0] AndroidManifest.xml:51:13-37
86            <meta-data
86-->[:firebase_storage] AndroidManifest.xml:9:13-11:85
87                android:name="com.google.firebase.components:io.flutter.plugins.firebase.storage.FlutterFirebaseAppRegistrar"
87-->[:firebase_storage] AndroidManifest.xml:10:17-126
88                android:value="com.google.firebase.components.ComponentRegistrar" />
88-->[:firebase_storage] AndroidManifest.xml:11:17-82
89            <meta-data
89-->[:firebase_messaging] AndroidManifest.xml:34:13-36:85
90                android:name="com.google.firebase.components:io.flutter.plugins.firebase.messaging.FlutterFirebaseAppRegistrar"
90-->[:firebase_messaging] AndroidManifest.xml:35:17-128
91                android:value="com.google.firebase.components.ComponentRegistrar" />
91-->[:firebase_messaging] AndroidManifest.xml:36:17-82
92            <meta-data
92-->[:firebase_database] AndroidManifest.xml:9:13-11:85
93                android:name="com.google.firebase.components:io.flutter.plugins.firebase.database.FlutterFirebaseAppRegistrar"
93-->[:firebase_database] AndroidManifest.xml:10:17-127
94                android:value="com.google.firebase.components.ComponentRegistrar" />
94-->[:firebase_database] AndroidManifest.xml:11:17-82
95            <meta-data
95-->[:firebase_auth] AndroidManifest.xml:9:13-11:85
96                android:name="com.google.firebase.components:io.flutter.plugins.firebase.auth.FlutterFirebaseAuthRegistrar"
96-->[:firebase_auth] AndroidManifest.xml:10:17-124
97                android:value="com.google.firebase.components.ComponentRegistrar" />
97-->[:firebase_auth] AndroidManifest.xml:11:17-82
98            <meta-data
98-->[:firebase_core] AndroidManifest.xml:9:13-11:85
99                android:name="com.google.firebase.components:io.flutter.plugins.firebase.core.FlutterFirebaseCoreRegistrar"
99-->[:firebase_core] AndroidManifest.xml:10:17-124
100                android:value="com.google.firebase.components.ComponentRegistrar" />
100-->[:firebase_core] AndroidManifest.xml:11:17-82
101            <meta-data
101-->[com.google.firebase:firebase-messaging:22.0.0] AndroidManifest.xml:52:13-54:85
102                android:name="com.google.firebase.components:com.google.firebase.messaging.FirebaseMessagingRegistrar"
102-->[com.google.firebase:firebase-messaging:22.0.0] AndroidManifest.xml:53:17-119
103                android:value="com.google.firebase.components.ComponentRegistrar" />
103-->[com.google.firebase:firebase-messaging:22.0.0] AndroidManifest.xml:54:17-82
104            <meta-data
104-->[com.google.firebase:firebase-datatransport:18.0.0] AndroidManifest.xml:28:13-30:85
105                android:name="com.google.firebase.components:com.google.firebase.datatransport.TransportRegistrar"
105-->[com.google.firebase:firebase-datatransport:18.0.0] AndroidManifest.xml:29:17-115
106                android:value="com.google.firebase.components.ComponentRegistrar" />
106-->[com.google.firebase:firebase-datatransport:18.0.0] AndroidManifest.xml:30:17-82
107            <meta-data
107-->[com.google.firebase:firebase-auth:21.0.1] AndroidManifest.xml:77:13-79:85
108                android:name="com.google.firebase.components:com.google.firebase.auth.FirebaseAuthRegistrar"
108-->[com.google.firebase:firebase-auth:21.0.1] AndroidManifest.xml:78:17-109
109                android:value="com.google.firebase.components.ComponentRegistrar" />
109-->[com.google.firebase:firebase-auth:21.0.1] AndroidManifest.xml:79:17-82
110            <meta-data
110-->[com.google.firebase:firebase-storage:20.0.0] AndroidManifest.xml:33:13-35:85
111                android:name="com.google.firebase.components:com.google.firebase.storage.StorageRegistrar"
111-->[com.google.firebase:firebase-storage:20.0.0] AndroidManifest.xml:34:17-107
112                android:value="com.google.firebase.components.ComponentRegistrar" />
112-->[com.google.firebase:firebase-storage:20.0.0] AndroidManifest.xml:35:17-82
113            <meta-data
113-->[com.google.firebase:firebase-database:20.0.1] AndroidManifest.xml:32:13-34:85
114                android:name="com.google.firebase.components:com.google.firebase.database.DatabaseRegistrar"
114-->[com.google.firebase:firebase-database:20.0.1] AndroidManifest.xml:33:17-109
115                android:value="com.google.firebase.components.ComponentRegistrar" />
115-->[com.google.firebase:firebase-database:20.0.1] AndroidManifest.xml:34:17-82
116            <meta-data
116-->[com.google.android.gms:play-services-measurement-api:19.0.0] AndroidManifest.xml:30:13-32:85
117                android:name="com.google.firebase.components:com.google.firebase.analytics.connector.internal.AnalyticsConnectorRegistrar"
117-->[com.google.android.gms:play-services-measurement-api:19.0.0] AndroidManifest.xml:31:17-139
118                android:value="com.google.firebase.components.ComponentRegistrar" />
118-->[com.google.android.gms:play-services-measurement-api:19.0.0] AndroidManifest.xml:32:17-82
119            <meta-data
119-->[com.google.firebase:firebase-installations:17.0.0] AndroidManifest.xml:18:13-20:85
120                android:name="com.google.firebase.components:com.google.firebase.installations.FirebaseInstallationsRegistrar"
120-->[com.google.firebase:firebase-installations:17.0.0] AndroidManifest.xml:19:17-127
121                android:value="com.google.firebase.components.ComponentRegistrar" />
121-->[com.google.firebase:firebase-installations:17.0.0] AndroidManifest.xml:20:17-82
122        </service>
123
124        <provider
124-->[:image_picker] AndroidManifest.xml:8:9-16:20
125            android:name="io.flutter.plugins.imagepicker.ImagePickerFileProvider"
125-->[:image_picker] AndroidManifest.xml:9:13-82
126            android:authorities="com.youdevelop.feelps.flutter.image_provider"
126-->[:image_picker] AndroidManifest.xml:10:13-74
127            android:exported="false"
127-->[:image_picker] AndroidManifest.xml:11:13-37
128            android:grantUriPermissions="true" >
128-->[:image_picker] AndroidManifest.xml:12:13-47
129            <meta-data
129-->[:image_picker] AndroidManifest.xml:13:13-15:75
130                android:name="android.support.FILE_PROVIDER_PATHS"
130-->[:image_picker] AndroidManifest.xml:14:17-67
131                android:resource="@xml/flutter_image_picker_file_paths" />
131-->[:image_picker] AndroidManifest.xml:15:17-72
132        </provider>
133
134        <service
134-->[:firebase_messaging] AndroidManifest.xml:12:9-15:72
135            android:name="io.flutter.plugins.firebase.messaging.FlutterFirebaseMessagingBackgroundService"
135-->[:firebase_messaging] AndroidManifest.xml:13:13-107
136            android:exported="false"
136-->[:firebase_messaging] AndroidManifest.xml:14:13-37
137            android:permission="android.permission.BIND_JOB_SERVICE" />
137-->[:firebase_messaging] AndroidManifest.xml:15:13-69
138        <service
138-->[:firebase_messaging] AndroidManifest.xml:16:9-22:19
139            android:name="io.flutter.plugins.firebase.messaging.FlutterFirebaseMessagingService"
139-->[:firebase_messaging] AndroidManifest.xml:17:13-97
140            android:exported="false" >
140-->[:firebase_messaging] AndroidManifest.xml:18:13-37
141            <intent-filter>
141-->[:firebase_messaging] AndroidManifest.xml:19:13-21:29
142                <action android:name="com.google.firebase.MESSAGING_EVENT" />
142-->[:firebase_messaging] AndroidManifest.xml:20:17-78
142-->[:firebase_messaging] AndroidManifest.xml:20:25-75
143            </intent-filter>
144        </service>
145
146        <receiver
146-->[:firebase_messaging] AndroidManifest.xml:24:9-31:20
147            android:name="io.flutter.plugins.firebase.messaging.FlutterFirebaseMessagingReceiver"
147-->[:firebase_messaging] AndroidManifest.xml:25:13-98
148            android:exported="true"
148-->[:firebase_messaging] AndroidManifest.xml:26:13-36
149            android:permission="com.google.android.c2dm.permission.SEND" >
149-->[:firebase_messaging] AndroidManifest.xml:27:13-73
150            <intent-filter>
150-->[:firebase_messaging] AndroidManifest.xml:28:13-30:29
151                <action android:name="com.google.android.c2dm.intent.RECEIVE" />
151-->[:firebase_messaging] AndroidManifest.xml:29:17-81
151-->[:firebase_messaging] AndroidManifest.xml:29:25-78
152            </intent-filter>
153        </receiver>
154
155        <provider
155-->[:firebase_messaging] AndroidManifest.xml:39:9-43:38
156            android:name="io.flutter.plugins.firebase.messaging.FlutterFirebaseMessagingInitProvider"
156-->[:firebase_messaging] AndroidManifest.xml:40:13-102
157            android:authorities="com.youdevelop.feelps.flutterfirebasemessaginginitprovider"
157-->[:firebase_messaging] AndroidManifest.xml:41:13-88
158            android:exported="false"
158-->[:firebase_messaging] AndroidManifest.xml:42:13-37
159            android:initOrder="99" />
159-->[:firebase_messaging] AndroidManifest.xml:43:13-35
160
161        <service
161-->[:location] AndroidManifest.xml:11:9-15:56
162            android:name="com.lyokone.location.FlutterLocationService"
162-->[:location] AndroidManifest.xml:12:13-71
163            android:enabled="true"
163-->[:location] AndroidManifest.xml:13:13-35
164            android:exported="false"
164-->[:location] AndroidManifest.xml:14:13-37
165            android:foregroundServiceType="location" />
165-->[:location] AndroidManifest.xml:15:13-53
166
167        <receiver
167-->[com.google.firebase:firebase-messaging:22.0.0] AndroidManifest.xml:28:9-35:20
168            android:name="com.google.firebase.iid.FirebaseInstanceIdReceiver"
168-->[com.google.firebase:firebase-messaging:22.0.0] AndroidManifest.xml:29:13-78
169            android:exported="true"
169-->[com.google.firebase:firebase-messaging:22.0.0] AndroidManifest.xml:30:13-36
170            android:permission="com.google.android.c2dm.permission.SEND" >
170-->[com.google.firebase:firebase-messaging:22.0.0] AndroidManifest.xml:31:13-73
171            <intent-filter>
171-->[:firebase_messaging] AndroidManifest.xml:28:13-30:29
172                <action android:name="com.google.android.c2dm.intent.RECEIVE" />
172-->[:firebase_messaging] AndroidManifest.xml:29:17-81
172-->[:firebase_messaging] AndroidManifest.xml:29:25-78
173            </intent-filter>
174        </receiver>
175        <!--
176             FirebaseMessagingService performs security checks at runtime,
177             but set to not exported to explicitly avoid allowing another app to call it.
178        -->
179        <service
179-->[com.google.firebase:firebase-messaging:22.0.0] AndroidManifest.xml:41:9-48:19
180            android:name="com.google.firebase.messaging.FirebaseMessagingService"
180-->[com.google.firebase:firebase-messaging:22.0.0] AndroidManifest.xml:42:13-82
181            android:directBootAware="true"
181-->[com.google.firebase:firebase-messaging:22.0.0] AndroidManifest.xml:43:13-43
182            android:exported="false" >
182-->[com.google.firebase:firebase-messaging:22.0.0] AndroidManifest.xml:44:13-37
183            <intent-filter android:priority="-500" >
183-->[:firebase_messaging] AndroidManifest.xml:19:13-21:29
184                <action android:name="com.google.firebase.MESSAGING_EVENT" />
184-->[:firebase_messaging] AndroidManifest.xml:20:17-78
184-->[:firebase_messaging] AndroidManifest.xml:20:25-75
185            </intent-filter>
186        </service>
187        <service
187-->[com.google.android.datatransport:transport-backend-cct:3.0.0] AndroidManifest.xml:29:9-35:19
188            android:name="com.google.android.datatransport.runtime.backends.TransportBackendDiscovery"
188-->[com.google.android.datatransport:transport-backend-cct:3.0.0] AndroidManifest.xml:30:13-103
189            android:exported="false" >
189-->[com.google.android.datatransport:transport-backend-cct:3.0.0] AndroidManifest.xml:31:13-37
190            <meta-data
190-->[com.google.android.datatransport:transport-backend-cct:3.0.0] AndroidManifest.xml:32:13-34:39
191                android:name="backend:com.google.android.datatransport.cct.CctBackendFactory"
191-->[com.google.android.datatransport:transport-backend-cct:3.0.0] AndroidManifest.xml:33:17-94
192                android:value="cct" />
192-->[com.google.android.datatransport:transport-backend-cct:3.0.0] AndroidManifest.xml:34:17-36
193        </service>
194
195        <activity
195-->[com.google.firebase:firebase-auth:21.0.1] AndroidManifest.xml:27:9-44:20
196            android:name="com.google.firebase.auth.internal.GenericIdpActivity"
196-->[com.google.firebase:firebase-auth:21.0.1] AndroidManifest.xml:28:13-80
197            android:excludeFromRecents="true"
197-->[com.google.firebase:firebase-auth:21.0.1] AndroidManifest.xml:29:13-46
198            android:exported="true"
198-->[com.google.firebase:firebase-auth:21.0.1] AndroidManifest.xml:30:13-36
199            android:launchMode="singleTask"
199-->[com.google.firebase:firebase-auth:21.0.1] AndroidManifest.xml:31:13-44
200            android:theme="@android:style/Theme.Translucent.NoTitleBar" >
200-->[com.google.firebase:firebase-auth:21.0.1] AndroidManifest.xml:32:13-72
201            <intent-filter>
201-->[com.google.firebase:firebase-auth:21.0.1] AndroidManifest.xml:33:13-43:29
202                <action android:name="android.intent.action.VIEW" />
202-->[com.google.firebase:firebase-auth:21.0.1] AndroidManifest.xml:34:17-69
202-->[com.google.firebase:firebase-auth:21.0.1] AndroidManifest.xml:34:25-66
203
204                <category android:name="android.intent.category.DEFAULT" />
204-->src\main\AndroidManifest.xml:39:15-73
204-->src\main\AndroidManifest.xml:39:25-71
205                <category android:name="android.intent.category.BROWSABLE" />
205-->[com.google.firebase:firebase-auth:21.0.1] AndroidManifest.xml:37:17-78
205-->[com.google.firebase:firebase-auth:21.0.1] AndroidManifest.xml:37:27-75
206
207                <data
207-->[com.google.firebase:firebase-auth:21.0.1] AndroidManifest.xml:39:17-42:51
208                    android:host="firebase.auth"
208-->[com.google.firebase:firebase-auth:21.0.1] AndroidManifest.xml:40:21-49
209                    android:path="/"
209-->[com.google.firebase:firebase-auth:21.0.1] AndroidManifest.xml:41:21-37
210                    android:scheme="genericidp" />
210-->[com.google.firebase:firebase-auth:21.0.1] AndroidManifest.xml:42:21-48
211            </intent-filter>
212        </activity>
213        <activity
213-->[com.google.firebase:firebase-auth:21.0.1] AndroidManifest.xml:45:9-62:20
214            android:name="com.google.firebase.auth.internal.RecaptchaActivity"
214-->[com.google.firebase:firebase-auth:21.0.1] AndroidManifest.xml:46:13-79
215            android:excludeFromRecents="true"
215-->[com.google.firebase:firebase-auth:21.0.1] AndroidManifest.xml:47:13-46
216            android:exported="true"
216-->[com.google.firebase:firebase-auth:21.0.1] AndroidManifest.xml:48:13-36
217            android:launchMode="singleTask"
217-->[com.google.firebase:firebase-auth:21.0.1] AndroidManifest.xml:49:13-44
218            android:theme="@android:style/Theme.Translucent.NoTitleBar" >
218-->[com.google.firebase:firebase-auth:21.0.1] AndroidManifest.xml:50:13-72
219            <intent-filter>
219-->[com.google.firebase:firebase-auth:21.0.1] AndroidManifest.xml:51:13-61:29
220                <action android:name="android.intent.action.VIEW" />
220-->[com.google.firebase:firebase-auth:21.0.1] AndroidManifest.xml:34:17-69
220-->[com.google.firebase:firebase-auth:21.0.1] AndroidManifest.xml:34:25-66
221
222                <category android:name="android.intent.category.DEFAULT" />
222-->src\main\AndroidManifest.xml:39:15-73
222-->src\main\AndroidManifest.xml:39:25-71
223                <category android:name="android.intent.category.BROWSABLE" />
223-->[com.google.firebase:firebase-auth:21.0.1] AndroidManifest.xml:37:17-78
223-->[com.google.firebase:firebase-auth:21.0.1] AndroidManifest.xml:37:27-75
224
225                <data
225-->[com.google.firebase:firebase-auth:21.0.1] AndroidManifest.xml:39:17-42:51
226                    android:host="firebase.auth"
226-->[com.google.firebase:firebase-auth:21.0.1] AndroidManifest.xml:40:21-49
227                    android:path="/"
227-->[com.google.firebase:firebase-auth:21.0.1] AndroidManifest.xml:41:21-37
228                    android:scheme="recaptcha" />
228-->[com.google.firebase:firebase-auth:21.0.1] AndroidManifest.xml:42:21-48
229            </intent-filter>
230        </activity>
231
232        <service
232-->[com.google.firebase:firebase-auth:21.0.1] AndroidManifest.xml:64:9-73:19
233            android:name="com.google.firebase.auth.api.fallback.service.FirebaseAuthFallbackService"
233-->[com.google.firebase:firebase-auth:21.0.1] AndroidManifest.xml:65:13-101
234            android:enabled="true"
234-->[com.google.firebase:firebase-auth:21.0.1] AndroidManifest.xml:66:13-35
235            android:exported="false" >
235-->[com.google.firebase:firebase-auth:21.0.1] AndroidManifest.xml:67:13-37
236            <intent-filter>
236-->[com.google.firebase:firebase-auth:21.0.1] AndroidManifest.xml:68:13-72:29
237                <action android:name="com.google.firebase.auth.api.gms.service.START" />
237-->[com.google.firebase:firebase-auth:21.0.1] AndroidManifest.xml:69:17-89
237-->[com.google.firebase:firebase-auth:21.0.1] AndroidManifest.xml:69:25-86
238
239                <category android:name="android.intent.category.DEFAULT" />
239-->src\main\AndroidManifest.xml:39:15-73
239-->src\main\AndroidManifest.xml:39:25-71
240            </intent-filter>
241        </service>
242
243        <provider
243-->[com.google.firebase:firebase-common:20.0.0] AndroidManifest.xml:26:9-31:39
244            android:name="com.google.firebase.provider.FirebaseInitProvider"
244-->[com.google.firebase:firebase-common:20.0.0] AndroidManifest.xml:27:13-77
245            android:authorities="com.youdevelop.feelps.firebaseinitprovider"
245-->[com.google.firebase:firebase-common:20.0.0] AndroidManifest.xml:28:13-72
246            android:directBootAware="true"
246-->[com.google.firebase:firebase-common:20.0.0] AndroidManifest.xml:29:13-43
247            android:exported="false"
247-->[com.google.firebase:firebase-common:20.0.0] AndroidManifest.xml:30:13-37
248            android:initOrder="100" />
248-->[com.google.firebase:firebase-common:20.0.0] AndroidManifest.xml:31:13-36
249
250        <receiver
250-->[com.google.android.gms:play-services-measurement:19.0.0] AndroidManifest.xml:29:9-33:20
251            android:name="com.google.android.gms.measurement.AppMeasurementReceiver"
251-->[com.google.android.gms:play-services-measurement:19.0.0] AndroidManifest.xml:30:13-85
252            android:enabled="true"
252-->[com.google.android.gms:play-services-measurement:19.0.0] AndroidManifest.xml:31:13-35
253            android:exported="false" >
253-->[com.google.android.gms:play-services-measurement:19.0.0] AndroidManifest.xml:32:13-37
254        </receiver>
255
256        <service
256-->[com.google.android.gms:play-services-measurement:19.0.0] AndroidManifest.xml:35:9-38:40
257            android:name="com.google.android.gms.measurement.AppMeasurementService"
257-->[com.google.android.gms:play-services-measurement:19.0.0] AndroidManifest.xml:36:13-84
258            android:enabled="true"
258-->[com.google.android.gms:play-services-measurement:19.0.0] AndroidManifest.xml:37:13-35
259            android:exported="false" />
259-->[com.google.android.gms:play-services-measurement:19.0.0] AndroidManifest.xml:38:13-37
260        <service
260-->[com.google.android.gms:play-services-measurement:19.0.0] AndroidManifest.xml:39:9-43:72
261            android:name="com.google.android.gms.measurement.AppMeasurementJobService"
261-->[com.google.android.gms:play-services-measurement:19.0.0] AndroidManifest.xml:40:13-87
262            android:enabled="true"
262-->[com.google.android.gms:play-services-measurement:19.0.0] AndroidManifest.xml:41:13-35
263            android:exported="false"
263-->[com.google.android.gms:play-services-measurement:19.0.0] AndroidManifest.xml:42:13-37
264            android:permission="android.permission.BIND_JOB_SERVICE" /> <!-- Needs to be explicitly declared on P+ -->
264-->[com.google.android.gms:play-services-measurement:19.0.0] AndroidManifest.xml:43:13-69
265        <uses-library
265-->[com.google.android.gms:play-services-maps:17.0.0] AndroidManifest.xml:33:9-35:40
266            android:name="org.apache.http.legacy"
266-->[com.google.android.gms:play-services-maps:17.0.0] AndroidManifest.xml:34:13-50
267            android:required="false" />
267-->[com.google.android.gms:play-services-maps:17.0.0] AndroidManifest.xml:35:13-37
268
269        <activity
269-->[com.google.android.gms:play-services-base:17.1.0] AndroidManifest.xml:23:9-26:75
270            android:name="com.google.android.gms.common.api.GoogleApiActivity"
270-->[com.google.android.gms:play-services-base:17.1.0] AndroidManifest.xml:24:13-79
271            android:exported="false"
271-->[com.google.android.gms:play-services-base:17.1.0] AndroidManifest.xml:25:13-37
272            android:theme="@android:style/Theme.Translucent.NoTitleBar" />
272-->[com.google.android.gms:play-services-base:17.1.0] AndroidManifest.xml:26:13-72
273
274        <meta-data
274-->[com.google.android.gms:play-services-basement:17.1.0] AndroidManifest.xml:23:9-25:69
275            android:name="com.google.android.gms.version"
275-->[com.google.android.gms:play-services-basement:17.1.0] AndroidManifest.xml:24:13-58
276            android:value="@integer/google_play_services_version" />
276-->[com.google.android.gms:play-services-basement:17.1.0] AndroidManifest.xml:25:13-66
277
278        <service
278-->[com.google.android.datatransport:transport-runtime:3.0.0] AndroidManifest.xml:26:9-30:19
279            android:name="com.google.android.datatransport.runtime.scheduling.jobscheduling.JobInfoSchedulerService"
279-->[com.google.android.datatransport:transport-runtime:3.0.0] AndroidManifest.xml:27:13-117
280            android:exported="false"
280-->[com.google.android.datatransport:transport-runtime:3.0.0] AndroidManifest.xml:28:13-37
281            android:permission="android.permission.BIND_JOB_SERVICE" >
281-->[com.google.android.datatransport:transport-runtime:3.0.0] AndroidManifest.xml:29:13-69
282        </service>
283
284        <receiver